<?xml version="1.0" encoding="UTF-8"?>
<!-- Generated by org.testng.reporters.JUnitReportReporter -->
<testsuite hostname="DESKTOP-G1PTS1L" failures="0" tests="2" name="testcase.ItemsTest" time="12.220" errors="0" timestamp="2023-12-04T22:20:15 IST" skipped="0">
  <testcase classname="testcase.ItemsTest" name="verifyPriceValuesInItemsBucket" time="5.850"/>
  <system-out/>
  <testcase classname="testcase.ItemsTest" name="verifyViewCartErrormessage" time="6.370"/>
  <system-out/>
</testsuite> <!-- testcase.ItemsTest -->
