<?xml version="1.0" encoding="UTF-8"?>
<!-- Generated by org.testng.reporters.JUnitReportReporter -->
<testsuite hostname="DESKTOP-G1PTS1L" failures="0" tests="4" name="testcase.Desktop" time="30.891" errors="0" timestamp="2023-10-27T12:33:29 IST" skipped="0">
  <testcase classname="testcase.Desktop" name="addToCartDesktopPcTest" time="9.925"/>
  <system-out>
    <![CDATA[Method name is - addToCartDesktopPcTest
Status of execution is - 1]]>
  </system-out>
  <testcase classname="testcase.Desktop" name="addToCartDesktopMacTest" time="4.268"/>
  <system-out>
    <![CDATA[Method name is - addToCartDesktopMacTest
Status of execution is - 1]]>
  </system-out>
  <testcase classname="testcase.Desktop" name="addToCartLaptopNotebooksMacs" time="8.489"/>
  <system-out>
    <![CDATA[Method name is - addToCartLaptopNotebooksMacs
Status of execution is - 1]]>
  </system-out>
  <testcase classname="testcase.Desktop" name="addToCartLaptopNotebooksWindows" time="8.209"/>
  <system-out>
    <![CDATA[Method name is - addToCartLaptopNotebooksWindows
Status of execution is - 1]]>
  </system-out>
</testsuite> <!-- testcase.Desktop -->
