<?xml version="1.0" encoding="UTF-8"?>
<!-- Generated by org.testng.reporters.JUnitReportReporter -->
<testsuite hostname="DESKTOP-G1PTS1L" failures="0" tests="1" name="testcase.LoginTest" time="6.460" errors="0" timestamp="2023-12-07T20:01:17 IST" skipped="0">
  <testcase classname="testcase.LoginTest" name="loginWithValidUser" time="6.460"/>
  <system-out/>
</testsuite> <!-- testcase.LoginTest -->
