<?xml version="1.0" encoding="UTF-8"?>
<!-- Generated by org.testng.reporters.JUnitReportReporter -->
<testsuite hostname="DESKTOP-G1PTS1L" failures="0" tests="2" name="testcase.SearchTest" time="11.104" errors="0" timestamp="2023-12-03T23:01:19 IST" skipped="0">
  <testcase classname="testcase.SearchTest" name="verifyIfMacProductsAreDisplayed" time="6.111"/>
  <system-out/>
  <testcase classname="testcase.SearchTest" name="addImacToCart" time="4.993"/>
  <system-out/>
</testsuite> <!-- testcase.SearchTest -->
