<?xml version="1.0" encoding="UTF-8"?>
<!-- Generated by org.testng.reporters.JUnitReportReporter -->
<testsuite hostname="DESKTOP-G1PTS1L" failures="0" tests="1" name="testcase.Register" time="4.964" errors="0" timestamp="2023-10-20T15:44:20 IST" skipped="0">
  <testcase classname="testcase.Register" name="verifyIfUserDisplayedErrorMsgWhenDetailsNotEntered" time="4.964"/>
  <system-out/>
</testsuite> <!-- testcase.Register -->
