<?xml version="1.0" encoding="UTF-8"?>
<!-- Generated by org.testng.reporters.JUnitReportReporter -->
<testsuite hostname="DESKTOP-G1PTS1L" failures="0" tests="2" name="testcase.RegisterTest" time="10.901" errors="0" timestamp="2023-11-23T16:40:07 IST" skipped="0">
  <testcase classname="testcase.RegisterTest" name="registerTestScenario1" time="4.608"/>
  <system-out>
    <![CDATA[Method name is - registerTestScenario1
Status of execution is - 1]]>
  </system-out>
  <testcase classname="testcase.RegisterTest" name="registerTestScenario2" time="6.293"/>
  <system-out>
    <![CDATA[Method name is - registerTestScenario2
Status of execution is - 1]]>
  </system-out>
</testsuite> <!-- testcase.RegisterTest -->
