<?xml version="1.0" encoding="UTF-8"?>
<!-- Generated by org.testng.reporters.JUnitReportReporter -->
<testsuite hostname="DESKTOP-G1PTS1L" failures="0" tests="2" name="testcase.SearchTest" time="8.430" errors="0" timestamp="2023-12-04T22:20:15 IST" skipped="0">
  <testcase classname="testcase.SearchTest" name="verifyIfMacProductsAreDisplayed" time="3.876"/>
  <system-out/>
  <testcase classname="testcase.SearchTest" name="addImacToCart" time="4.554"/>
  <system-out/>
</testsuite> <!-- testcase.SearchTest -->
