<?xml version="1.0" encoding="UTF-8"?>
<!-- Generated by org.testng.reporters.JUnitReportReporter -->
<testsuite hostname="DESKTOP-G1PTS1L" failures="0" tests="2" name="testcase.SearchTest" time="6.739" errors="0" timestamp="2023-12-07T20:01:17 IST" skipped="0">
  <testcase classname="testcase.SearchTest" name="verifyIfMacProductsAreDisplayed" time="3.537"/>
  <system-out/>
  <testcase classname="testcase.SearchTest" name="addImacToCart" time="3.202"/>
  <system-out/>
</testsuite> <!-- testcase.SearchTest -->
