<?xml version="1.0" encoding="UTF-8"?>
<!-- Generated by org.testng.reporters.JUnitReportReporter -->
<testsuite hostname="DESKTOP-G1PTS1L" failures="0" tests="2" name="testcase.SearchTest" time="9.474" errors="0" timestamp="2023-12-05T19:10:32 IST" skipped="0">
  <testcase classname="testcase.SearchTest" name="verifyIfMacProductsAreDisplayed" time="4.126"/>
  <system-out/>
  <testcase classname="testcase.SearchTest" name="addImacToCart" time="5.348"/>
  <system-out/>
</testsuite> <!-- testcase.SearchTest -->
