<?xml version="1.0" encoding="UTF-8"?>
<!-- Generated by org.testng.reporters.JUnitReportReporter -->
<testsuite hostname="DESKTOP-G1PTS1L" failures="0" tests="1" name="testcase.Register" time="6.113" errors="0" timestamp="2023-10-19T17:49:48 IST" skipped="0">
  <testcase classname="testcase.Register" name="verifyIfUserDisplayedErrorMsgWhenDetailsNotEntered" time="6.113"/>
  <system-out/>
</testsuite> <!-- testcase.Register -->
