<?xml version="1.0" encoding="UTF-8"?>
<!-- Generated by org.testng.reporters.JUnitReportReporter -->
<testsuite hostname="DESKTOP-G1PTS1L" failures="0" tests="2" name="testcase.Login" time="11.918" errors="0" timestamp="2023-10-16T23:10:02 IST" skipped="0">
  <testcase classname="testcase.Login" name="verifyWithValidCredentials" time="3.699"/>
  <system-out>
    <![CDATA[Method name is - verifyWithValidCredentials
Status of execution is - 1]]>
  </system-out>
  <testcase classname="testcase.Login" name="verifyIfErrorMessageIsDisplayedForInvalidPassword" time="8.219"/>
  <system-out>
    <![CDATA[Method name is - verifyIfErrorMessageIsDisplayedForInvalidPassword
Status of execution is - 1]]>
  </system-out>
</testsuite> <!-- testcase.Login -->
