<?xml version="1.0" encoding="UTF-8"?>
<!-- Generated by org.testng.reporters.JUnitReportReporter -->
<testsuite hostname="DESKTOP-G1PTS1L" failures="0" tests="2" name="testcase.Desktop" time="13.963" errors="0" timestamp="2023-10-16T23:10:02 IST" skipped="0">
  <testcase classname="testcase.Desktop" name="addToCartDesktopPcTest" time="10.955"/>
  <system-out>
    <![CDATA[Method name is - addToCartDesktopPcTest
Status of execution is - 1]]>
  </system-out>
  <testcase classname="testcase.Desktop" name="addToCartDesktopMacTest" time="3.008"/>
  <system-out>
    <![CDATA[Method name is - addToCartDesktopMacTest
Status of execution is - 1]]>
  </system-out>
</testsuite> <!-- testcase.Desktop -->
