<?xml version="1.0" encoding="UTF-8"?>
<!-- Generated by org.testng.reporters.JUnitReportReporter -->
<testsuite hostname="DESKTOP-G1PTS1L" failures="0" tests="1" name="testcase.ItemsTest" time="7.688" errors="0" timestamp="2023-12-04T01:49:44 IST" skipped="0">
  <testcase classname="testcase.ItemsTest" name="verifyViewCartErrormessage" time="7.688"/>
  <system-out/>
</testsuite> <!-- testcase.ItemsTest -->
