<?xml version="1.0" encoding="UTF-8"?>
<!-- Generated by org.testng.reporters.JUnitReportReporter -->
<testsuite hostname="DESKTOP-G1PTS1L" failures="0" tests="1" name="testcase.FirstTestCase" time="7.242" errors="0" timestamp="2023-10-07T12:28:38 IST" skipped="0">
  <testcase classname="testcase.FirstTestCase" name="Login" time="7.242"/>
  <system-out/>
</testsuite> <!-- testcase.FirstTestCase -->
