<?xml version="1.0" encoding="UTF-8"?>
<!-- Generated by org.testng.reporters.JUnitReportReporter -->
<testsuite hostname="DESKTOP-G1PTS1L" failures="0" tests="4" name="testcase.SearchTest" time="24.324" errors="0" timestamp="2023-11-23T16:40:07 IST" skipped="0">
  <testcase classname="testcase.SearchTest" name="searchTest" time="7.899"/>
  <system-out>
    <![CDATA[Method name is - searchTest
Status of execution is - 1]]>
  </system-out>
  <testcase classname="testcase.SearchTest" name="searchTest" time="3.750"/>
  <system-out>
    <![CDATA[Method name is - searchTest
Status of execution is - 1]]>
  </system-out>
  <testcase classname="testcase.SearchTest" name="searchTest" time="8.952"/>
  <system-out>
    <![CDATA[Method name is - searchTest
Status of execution is - 1]]>
  </system-out>
  <testcase classname="testcase.SearchTest" name="searchTest" time="3.723"/>
  <system-out>
    <![CDATA[Method name is - searchTest
Status of execution is - 1]]>
  </system-out>
</testsuite> <!-- testcase.SearchTest -->
