<?xml version="1.0" encoding="UTF-8"?>
<!-- Generated by org.testng.reporters.JUnitReportReporter -->
<testsuite hostname="DESKTOP-G1PTS1L" failures="0" tests="2" name="testcase.Desktop" time="16.251" errors="0" timestamp="2023-10-20T11:36:05 IST" skipped="0">
  <testcase classname="testcase.Desktop" name="addToCartDesktopPcTest" time="12.836"/>
  <system-out>
    <![CDATA[Method name is - addToCartDesktopPcTest
Status of execution is - 1]]>
  </system-out>
  <testcase classname="testcase.Desktop" name="addToCartDesktopMacTest" time="3.415"/>
  <system-out>
    <![CDATA[Method name is - addToCartDesktopMacTest
Status of execution is - 1]]>
  </system-out>
</testsuite> <!-- testcase.Desktop -->
