<?xml version="1.0" encoding="UTF-8"?>
<!-- Generated by org.testng.reporters.JUnitReportReporter -->
<testsuite hostname="DESKTOP-G1PTS1L" failures="0" tests="2" name="testcase.ItemsTest" time="12.179" errors="0" timestamp="2023-12-05T19:10:32 IST" skipped="0">
  <testcase classname="testcase.ItemsTest" name="verifyPriceValuesInItemsBucket" time="5.908"/>
  <system-out/>
  <testcase classname="testcase.ItemsTest" name="verifyViewCartErrormessage" time="6.271"/>
  <system-out/>
</testsuite> <!-- testcase.ItemsTest -->
