<?xml version="1.0" encoding="UTF-8"?>
<!-- Generated by org.testng.reporters.JUnitReportReporter -->
<testsuite hostname="DESKTOP-G1PTS1L" failures="0" tests="1" name="testcase.Calender" time="8.356" errors="0" timestamp="2023-11-25T12:54:28 IST" skipped="0">
  <testcase classname="testcase.Calender" name="selectFutureDate" time="8.356"/>
  <system-out/>
</testsuite> <!-- testcase.Calender -->
