<?xml version="1.0" encoding="UTF-8"?>
<!-- Generated by org.testng.reporters.JUnitReportReporter -->
<testsuite hostname="DESKTOP-G1PTS1L" failures="0" tests="1" name="testcase.LearnNewConcepts" time="4.223" errors="0" timestamp="2023-10-22T22:38:35 IST" skipped="0">
  <testcase classname="testcase.LearnNewConcepts" name="new1" time="4.223"/>
  <system-out/>
</testsuite> <!-- testcase.LearnNewConcepts -->
