<?xml version="1.0" encoding="UTF-8"?>
<!-- Generated by org.testng.reporters.JUnitReportReporter -->
<testsuite hostname="DESKTOP-G1PTS1L" failures="0" tests="3" name="testcase.Register" time="16.622" errors="0" timestamp="2023-10-27T12:33:29 IST" skipped="0">
  <testcase classname="testcase.Register" name="verifyIfUserIsableToRegisterUsingMyAccountRegisterButton" time="4.664"/>
  <system-out>
    <![CDATA[Method name is - verifyIfUserIsableToRegisterUsingMyAccountRegisterButton
Status of execution is - 1]]>
  </system-out>
  <testcase classname="testcase.Register" name="verifyIfUserIsableToRegisterFromNewCustomerPage" time="6.896"/>
  <system-out>
    <![CDATA[Method name is - verifyIfUserIsableToRegisterFromNewCustomerPage
Status of execution is - 1]]>
  </system-out>
  <testcase classname="testcase.Register" name="verifyIfUserDisplayedErrorMsgWhenDetailsNotEntered" time="5.062"/>
  <system-out>
    <![CDATA[Method name is - verifyIfUserDisplayedErrorMsgWhenDetailsNotEntered
Status of execution is - 1]]>
  </system-out>
</testsuite> <!-- testcase.Register -->
