<?xml version="1.0" encoding="UTF-8"?>
<!-- Generated by org.testng.reporters.JUnitReportReporter -->
<testsuite hostname="DESKTOP-G1PTS1L" failures="0" tests="1" name="testcase.LoginTest" time="8.762" errors="0" timestamp="2023-12-03T23:14:43 IST" skipped="0">
  <testcase classname="testcase.LoginTest" name="loginWithValidUser" time="8.762"/>
  <system-out/>
</testsuite> <!-- testcase.LoginTest -->
