<?xml version="1.0" encoding="UTF-8"?>
<!-- Generated by org.testng.reporters.JUnitReportReporter -->
<testsuite hostname="DESKTOP-G1PTS1L" failures="0" tests="2" name="testcase.Register" time="8.953" errors="0" timestamp="2023-10-16T23:10:02 IST" skipped="0">
  <testcase classname="testcase.Register" name="verifyIfUserIsableToRegisterUsingMyAccountRegisterButton" time="4.370"/>
  <system-out>
    <![CDATA[Method name is - verifyIfUserIsableToRegisterUsingMyAccountRegisterButton
Status of execution is - 1]]>
  </system-out>
  <testcase classname="testcase.Register" name="verifyIfUserIsableToRegisterFromNewCustomerPage" time="4.583"/>
  <system-out>
    <![CDATA[Method name is - verifyIfUserIsableToRegisterFromNewCustomerPage
Status of execution is - 1]]>
  </system-out>
</testsuite> <!-- testcase.Register -->
