<?xml version="1.0" encoding="UTF-8"?>
<!-- Generated by org.testng.reporters.JUnitReportReporter -->
<testsuite hostname="DESKTOP-G1PTS1L" failures="0" tests="3" name="testcase.Search" time="17.074" errors="0" timestamp="2023-10-16T23:10:02 IST" skipped="0">
  <testcase classname="testcase.Search" name="verifyIfSearchItemIsDisplayed" time="3.027"/>
  <system-out>
    <![CDATA[Method name is - verifyIfSearchItemIsDisplayed
Status of execution is - 1]]>
  </system-out>
  <testcase classname="testcase.Search" name="verifyIfSearchItemIsDisplayed" time="10.944"/>
  <system-out>
    <![CDATA[Method name is - verifyIfSearchItemIsDisplayed
Status of execution is - 1]]>
  </system-out>
  <testcase classname="testcase.Search" name="verifyIfSearchItemIsDisplayed" time="3.103"/>
  <system-out>
    <![CDATA[Method name is - verifyIfSearchItemIsDisplayed
Status of execution is - 1]]>
  </system-out>
</testsuite> <!-- testcase.Search -->
