<?xml version="1.0" encoding="UTF-8"?>
<!-- Generated by org.testng.reporters.JUnitReportReporter -->
<testsuite hostname="DESKTOP-G1PTS1L" failures="0" tests="2" name="testcase.ItemsTest" time="11.384" errors="0" timestamp="2023-12-07T20:01:17 IST" skipped="0">
  <testcase classname="testcase.ItemsTest" name="verifyPriceValuesInItemsBucket" time="5.358"/>
  <system-out/>
  <testcase classname="testcase.ItemsTest" name="verifyViewCartErrormessage" time="6.026"/>
  <system-out/>
</testsuite> <!-- testcase.ItemsTest -->
