<?xml version="1.0" encoding="UTF-8"?>
<!-- Generated by org.testng.reporters.JUnitReportReporter -->
<testsuite hostname="DESKTOP-G1PTS1L" failures="0" tests="4" name="testcase.Search" time="18.571" errors="0" timestamp="2023-10-27T21:57:23 IST" skipped="0">
  <testcase classname="testcase.Search" name="searchTest" time="5.682"/>
  <system-out/>
  <testcase classname="testcase.Search" name="searchTest" time="3.833"/>
  <system-out/>
  <testcase classname="testcase.Search" name="searchTest" time="5.687"/>
  <system-out/>
  <testcase classname="testcase.Search" name="searchTest" time="3.369"/>
  <system-out/>
</testsuite> <!-- testcase.Search -->
