<?xml version="1.0" encoding="UTF-8"?>
<!-- Generated by org.testng.reporters.JUnitReportReporter -->
<testsuite hostname="DESKTOP-G1PTS1L" failures="0" tests="4" name="testcase.Login" time="20.435" errors="0" timestamp="2023-10-27T21:58:17 IST" skipped="0">
  <testcase classname="testcase.Login" name="loginTest" time="5.064"/>
  <system-out/>
  <testcase classname="testcase.Login" name="loginTest" time="5.787"/>
  <system-out/>
  <testcase classname="testcase.Login" name="loginTest" time="4.815"/>
  <system-out/>
  <testcase classname="testcase.Login" name="loginTest" time="4.769"/>
  <system-out/>
</testsuite> <!-- testcase.Login -->
